{"/Users/jonathanmoulds/Development/workspaces/code/millers-hollow-narrator/src/components/ui/Button.tsx": {"path":"/Users/jonathanmoulds/Development/workspaces/code/millers-hollow-narrator/src/components/ui/Button.tsx","statementMap":{"0":{"start":{"line":16,"column":13},"end":{"line":71,"column":null}},"1":{"start":{"line":32,"column":6},"end":{"line":32,"column":null}},"2":{"start":{"line":35,"column":26},"end":{"line":47,"column":null}},"3":{"start":{"line":50,"column":23},"end":{"line":54,"column":null}},"4":{"start":{"line":57,"column":24},"end":{"line":57,"column":null}},"5":{"start":{"line":59,"column":4},"end":{"line":68,"column":null}},"6":{"start":{"line":73,"column":0},"end":{"line":73,"column":null}}},"fnMap":{"0":{"name":"(anonymous_0)","decl":{"start":{"line":17,"column":2},"end":{"line":17,"column":null}},"loc":{"start":{"line":29,"column":7},"end":{"line":70,"column":null}},"line":29}},"branchMap":{"0":{"loc":{"start":{"line":19,"column":6},"end":{"line":19,"column":null}},"type":"default-arg","locations":[{"start":{"line":19,"column":16},"end":{"line":19,"column":null}}],"line":19},"1":{"loc":{"start":{"line":20,"column":6},"end":{"line":20,"column":null}},"type":"default-arg","locations":[{"start":{"line":20,"column":13},"end":{"line":20,"column":null}}],"line":20},"2":{"loc":{"start":{"line":21,"column":6},"end":{"line":21,"column":null}},"type":"default-arg","locations":[{"start":{"line":21,"column":18},"end":{"line":21,"column":null}}],"line":21},"3":{"loc":{"start":{"line":22,"column":6},"end":{"line":22,"column":null}},"type":"default-arg","locations":[{"start":{"line":22,"column":18},"end":{"line":22,"column":null}}],"line":22},"4":{"loc":{"start":{"line":23,"column":6},"end":{"line":23,"column":null}},"type":"default-arg","locations":[{"start":{"line":23,"column":18},"end":{"line":23,"column":null}}],"line":23},"5":{"loc":{"start":{"line":57,"column":24},"end":{"line":57,"column":null}},"type":"cond-expr","locations":[{"start":{"line":57,"column":36},"end":{"line":57,"column":47}},{"start":{"line":57,"column":47},"end":{"line":57,"column":null}}],"line":57},"6":{"loc":{"start":{"line":63,"column":18},"end":{"line":63,"column":null}},"type":"binary-expr","locations":[{"start":{"line":63,"column":18},"end":{"line":63,"column":30}},{"start":{"line":63,"column":30},"end":{"line":63,"column":null}}],"line":63},"7":{"loc":{"start":{"line":66,"column":9},"end":{"line":66,"column":null}},"type":"binary-expr","locations":[{"start":{"line":66,"column":9},"end":{"line":66,"column":22}},{"start":{"line":66,"column":22},"end":{"line":66,"column":null}}],"line":66}},"s":{"0":1,"1":25,"2":25,"3":25,"4":25,"5":25,"6":1},"f":{"0":25},"b":{"0":[25],"1":[25],"2":[25],"3":[25],"4":[25],"5":[1,24],"6":[25,22],"7":[25,3]},"meta":{"lastBranch":8,"lastFunction":1,"lastStatement":7,"seen":{"s:16:13:71:Infinity":0,"f:17:2:17:Infinity":0,"b:19:16:19:Infinity":0,"b:20:13:20:Infinity":1,"b:21:18:21:Infinity":2,"b:22:18:22:Infinity":3,"b:23:18:23:Infinity":4,"s:32:6:32:Infinity":1,"s:35:26:47:Infinity":2,"s:50:23:54:Infinity":3,"s:57:24:57:Infinity":4,"b:57:36:57:47:57:47:57:Infinity":5,"s:59:4:68:Infinity":5,"b:63:18:63:30:63:30:63:Infinity":6,"b:66:9:66:22:66:22:66:Infinity":7,"s:73:0:73:Infinity":6}}}
,"/Users/jonathanmoulds/Development/workspaces/code/millers-hollow-narrator/src/components/ui/Card.tsx": {"path":"/Users/jonathanmoulds/Development/workspaces/code/millers-hollow-narrator/src/components/ui/Card.tsx","statementMap":{"0":{"start":{"line":13,"column":13},"end":{"line":61,"column":null}},"1":{"start":{"line":26,"column":23},"end":{"line":26,"column":null}},"2":{"start":{"line":29,"column":26},"end":{"line":36,"column":null}},"3":{"start":{"line":39,"column":26},"end":{"line":44,"column":null}},"4":{"start":{"line":47,"column":24},"end":{"line":49,"column":null}},"5":{"start":{"line":51,"column":4},"end":{"line":58,"column":null}},"6":{"start":{"line":63,"column":0},"end":{"line":63,"column":null}}},"fnMap":{"0":{"name":"(anonymous_0)","decl":{"start":{"line":14,"column":2},"end":{"line":14,"column":null}},"loc":{"start":{"line":24,"column":7},"end":{"line":60,"column":null}},"line":24}},"branchMap":{"0":{"loc":{"start":{"line":16,"column":6},"end":{"line":16,"column":null}},"type":"default-arg","locations":[{"start":{"line":16,"column":16},"end":{"line":16,"column":null}}],"line":16},"1":{"loc":{"start":{"line":17,"column":6},"end":{"line":17,"column":null}},"type":"default-arg","locations":[{"start":{"line":17,"column":16},"end":{"line":17,"column":null}}],"line":17},"2":{"loc":{"start":{"line":18,"column":6},"end":{"line":18,"column":null}},"type":"default-arg","locations":[{"start":{"line":18,"column":14},"end":{"line":18,"column":null}}],"line":18},"3":{"loc":{"start":{"line":19,"column":6},"end":{"line":19,"column":null}},"type":"default-arg","locations":[{"start":{"line":19,"column":18},"end":{"line":19,"column":null}}],"line":19},"4":{"loc":{"start":{"line":47,"column":24},"end":{"line":49,"column":null}},"type":"cond-expr","locations":[{"start":{"line":48,"column":8},"end":{"line":48,"column":null}},{"start":{"line":49,"column":8},"end":{"line":49,"column":null}}],"line":47}},"s":{"0":1,"1":24,"2":24,"3":24,"4":24,"5":24,"6":1},"f":{"0":24},"b":{"0":[24],"1":[24],"2":[24],"3":[24],"4":[2,22]},"meta":{"lastBranch":5,"lastFunction":1,"lastStatement":7,"seen":{"s:13:13:61:Infinity":0,"f:14:2:14:Infinity":0,"b:16:16:16:Infinity":0,"b:17:16:17:Infinity":1,"b:18:14:18:Infinity":2,"b:19:18:19:Infinity":3,"s:26:23:26:Infinity":1,"s:29:26:36:Infinity":2,"s:39:26:44:Infinity":3,"s:47:24:49:Infinity":4,"b:48:8:48:Infinity:49:8:49:Infinity":4,"s:51:4:58:Infinity":5,"s:63:0:63:Infinity":6}}}
,"/Users/jonathanmoulds/Development/workspaces/code/millers-hollow-narrator/src/data/roles.ts": {"path":"/Users/jonathanmoulds/Development/workspaces/code/millers-hollow-narrator/src/data/roles.ts","statementMap":{"0":{"start":{"line":3,"column":43},"end":{"line":281,"column":null}},"1":{"start":{"line":283,"column":33},"end":{"line":306,"column":null}},"2":{"start":{"line":284,"column":2},"end":{"line":305,"column":null}},"3":{"start":{"line":286,"column":6},"end":{"line":288,"column":null}},"4":{"start":{"line":287,"column":8},"end":{"line":287,"column":null}},"5":{"start":{"line":290,"column":6},"end":{"line":292,"column":null}},"6":{"start":{"line":291,"column":8},"end":{"line":291,"column":null}},"7":{"start":{"line":293,"column":6},"end":{"line":293,"column":null}},"8":{"start":{"line":297,"column":8},"end":{"line":299,"column":null}},"9":{"start":{"line":301,"column":8},"end":{"line":303,"column":null}},"10":{"start":{"line":304,"column":6},"end":{"line":304,"column":null}}},"fnMap":{"0":{"name":"(anonymous_0)","decl":{"start":{"line":283,"column":33},"end":{"line":283,"column":34}},"loc":{"start":{"line":283,"column":60},"end":{"line":306,"column":null}},"line":283},"1":{"name":"(anonymous_1)","decl":{"start":{"line":285,"column":12},"end":{"line":285,"column":13}},"loc":{"start":{"line":285,"column":22},"end":{"line":294,"column":5}},"line":285},"2":{"name":"(anonymous_2)","decl":{"start":{"line":295,"column":10},"end":{"line":295,"column":11}},"loc":{"start":{"line":295,"column":20},"end":{"line":305,"column":5}},"line":295}},"branchMap":{"0":{"loc":{"start":{"line":286,"column":6},"end":{"line":288,"column":null}},"type":"if","locations":[{"start":{"line":286,"column":6},"end":{"line":288,"column":null}},{"start":{},"end":{}}],"line":286},"1":{"loc":{"start":{"line":287,"column":15},"end":{"line":287,"column":null}},"type":"binary-expr","locations":[{"start":{"line":287,"column":15},"end":{"line":287,"column":42}},{"start":{"line":287,"column":42},"end":{"line":287,"column":null}}],"line":287},"2":{"loc":{"start":{"line":290,"column":6},"end":{"line":292,"column":null}},"type":"if","locations":[{"start":{"line":290,"column":6},"end":{"line":292,"column":null}},{"start":{},"end":{}}],"line":290},"3":{"loc":{"start":{"line":297,"column":8},"end":{"line":299,"column":null}},"type":"cond-expr","locations":[{"start":{"line":298,"column":12},"end":{"line":298,"column":null}},{"start":{"line":299,"column":12},"end":{"line":299,"column":null}}],"line":297},"4":{"loc":{"start":{"line":297,"column":8},"end":{"line":297,"column":null}},"type":"binary-expr","locations":[{"start":{"line":297,"column":8},"end":{"line":297,"column":24}},{"start":{"line":297,"column":24},"end":{"line":297,"column":null}}],"line":297},"5":{"loc":{"start":{"line":301,"column":8},"end":{"line":303,"column":null}},"type":"cond-expr","locations":[{"start":{"line":302,"column":12},"end":{"line":302,"column":null}},{"start":{"line":303,"column":12},"end":{"line":303,"column":null}}],"line":301},"6":{"loc":{"start":{"line":301,"column":8},"end":{"line":301,"column":null}},"type":"binary-expr","locations":[{"start":{"line":301,"column":8},"end":{"line":301,"column":24}},{"start":{"line":301,"column":24},"end":{"line":301,"column":null}}],"line":301}},"s":{"0":1,"1":1,"2":0,"3":0,"4":0,"5":0,"6":0,"7":0,"8":0,"9":0,"10":0},"f":{"0":0,"1":0,"2":0},"b":{"0":[0,0],"1":[0,0],"2":[0,0],"3":[0,0],"4":[0,0],"5":[0,0],"6":[0,0]},"meta":{"lastBranch":7,"lastFunction":3,"lastStatement":11,"seen":{"s:3:43:281:Infinity":0,"s:283:33:306:Infinity":1,"f:283:33:283:34":0,"s:284:2:305:Infinity":2,"f:285:12:285:13":1,"b:286:6:288:Infinity:undefined:undefined:undefined:undefined":0,"s:286:6:288:Infinity":3,"s:287:8:287:Infinity":4,"b:287:15:287:42:287:42:287:Infinity":1,"b:290:6:292:Infinity:undefined:undefined:undefined:undefined":2,"s:290:6:292:Infinity":5,"s:291:8:291:Infinity":6,"s:293:6:293:Infinity":7,"f:295:10:295:11":2,"s:297:8:299:Infinity":8,"b:298:12:298:Infinity:299:12:299:Infinity":3,"b:297:8:297:24:297:24:297:Infinity":4,"s:301:8:303:Infinity":9,"b:302:12:302:Infinity:303:12:303:Infinity":5,"b:301:8:301:24:301:24:301:Infinity":6,"s:304:6:304:Infinity":10}}}
,"/Users/jonathanmoulds/Development/workspaces/code/millers-hollow-narrator/src/logic/eliminationConsequences.ts": {"path":"/Users/jonathanmoulds/Development/workspaces/code/millers-hollow-narrator/src/logic/eliminationConsequences.ts","statementMap":{"0":{"start":{"line":20,"column":44},"end":{"line":114,"column":null}},"1":{"start":{"line":26,"column":2},"end":{"line":41,"column":null}},"2":{"start":{"line":27,"column":23},"end":{"line":27,"column":null}},"3":{"start":{"line":27,"column":57},"end":{"line":27,"column":75}},"4":{"start":{"line":28,"column":4},"end":{"line":40,"column":null}},"5":{"start":{"line":29,"column":26},"end":{"line":31,"column":null}},"6":{"start":{"line":30,"column":15},"end":{"line":30,"column":null}},"7":{"start":{"line":32,"column":6},"end":{"line":39,"column":null}},"8":{"start":{"line":33,"column":8},"end":{"line":38,"column":null}},"9":{"start":{"line":44,"column":2},"end":{"line":56,"column":null}},"10":{"start":{"line":45,"column":22},"end":{"line":47,"column":null}},"11":{"start":{"line":46,"column":13},"end":{"line":46,"column":null}},"12":{"start":{"line":48,"column":4},"end":{"line":55,"column":null}},"13":{"start":{"line":49,"column":6},"end":{"line":54,"column":null}},"14":{"start":{"line":59,"column":2},"end":{"line":74,"column":null}},"15":{"start":{"line":62,"column":6},"end":{"line":62,"column":null}},"16":{"start":{"line":63,"column":22},"end":{"line":65,"column":null}},"17":{"start":{"line":64,"column":13},"end":{"line":64,"column":null}},"18":{"start":{"line":66,"column":4},"end":{"line":73,"column":null}},"19":{"start":{"line":67,"column":6},"end":{"line":72,"column":null}},"20":{"start":{"line":76,"column":2},"end":{"line":88,"column":null}},"21":{"start":{"line":77,"column":25},"end":{"line":79,"column":null}},"22":{"start":{"line":78,"column":21},"end":{"line":78,"column":59}},"23":{"start":{"line":79,"column":18},"end":{"line":79,"column":26}},"24":{"start":{"line":80,"column":4},"end":{"line":87,"column":null}},"25":{"start":{"line":81,"column":6},"end":{"line":86,"column":null}},"26":{"start":{"line":91,"column":2},"end":{"line":106,"column":null}},"27":{"start":{"line":92,"column":26},"end":{"line":95,"column":null}},"28":{"start":{"line":94,"column":8},"end":{"line":94,"column":null}},"29":{"start":{"line":96,"column":4},"end":{"line":105,"column":null}},"30":{"start":{"line":97,"column":29},"end":{"line":97,"column":null}},"31":{"start":{"line":97,"column":54},"end":{"line":97,"column":62}},"32":{"start":{"line":98,"column":26},"end":{"line":98,"column":null}},"33":{"start":{"line":99,"column":6},"end":{"line":104,"column":null}},"34":{"start":{"line":108,"column":2},"end":{"line":113,"column":null}}},"fnMap":{"0":{"name":"(anonymous_0)","decl":{"start":{"line":20,"column":44},"end":{"line":20,"column":null}},"loc":{"start":{"line":24,"column":35},"end":{"line":114,"column":null}},"line":24},"1":{"name":"(anonymous_1)","decl":{"start":{"line":27,"column":50},"end":{"line":27,"column":51}},"loc":{"start":{"line":27,"column":57},"end":{"line":27,"column":75}},"line":27},"2":{"name":"(anonymous_2)","decl":{"start":{"line":30,"column":8},"end":{"line":30,"column":9}},"loc":{"start":{"line":30,"column":15},"end":{"line":30,"column":null}},"line":30},"3":{"name":"(anonymous_3)","decl":{"start":{"line":46,"column":6},"end":{"line":46,"column":7}},"loc":{"start":{"line":46,"column":13},"end":{"line":46,"column":null}},"line":46},"4":{"name":"(anonymous_4)","decl":{"start":{"line":64,"column":6},"end":{"line":64,"column":7}},"loc":{"start":{"line":64,"column":13},"end":{"line":64,"column":null}},"line":64},"5":{"name":"(anonymous_5)","decl":{"start":{"line":78,"column":14},"end":{"line":78,"column":15}},"loc":{"start":{"line":78,"column":21},"end":{"line":78,"column":59}},"line":78},"6":{"name":"(anonymous_6)","decl":{"start":{"line":79,"column":11},"end":{"line":79,"column":12}},"loc":{"start":{"line":79,"column":18},"end":{"line":79,"column":26}},"line":79},"7":{"name":"(anonymous_7)","decl":{"start":{"line":93,"column":6},"end":{"line":93,"column":7}},"loc":{"start":{"line":94,"column":8},"end":{"line":94,"column":null}},"line":94},"8":{"name":"(anonymous_8)","decl":{"start":{"line":97,"column":47},"end":{"line":97,"column":48}},"loc":{"start":{"line":97,"column":54},"end":{"line":97,"column":62}},"line":97}},"branchMap":{"0":{"loc":{"start":{"line":26,"column":2},"end":{"line":41,"column":null}},"type":"if","locations":[{"start":{"line":26,"column":2},"end":{"line":41,"column":null}},{"start":{},"end":{}}],"line":26},"1":{"loc":{"start":{"line":26,"column":6},"end":{"line":26,"column":77}},"type":"binary-expr","locations":[{"start":{"line":26,"column":6},"end":{"line":26,"column":31}},{"start":{"line":26,"column":31},"end":{"line":26,"column":77}}],"line":26},"2":{"loc":{"start":{"line":28,"column":4},"end":{"line":40,"column":null}},"type":"if","locations":[{"start":{"line":28,"column":4},"end":{"line":40,"column":null}},{"start":{},"end":{}}],"line":28},"3":{"loc":{"start":{"line":32,"column":6},"end":{"line":39,"column":null}},"type":"if","locations":[{"start":{"line":32,"column":6},"end":{"line":39,"column":null}},{"start":{},"end":{}}],"line":32},"4":{"loc":{"start":{"line":44,"column":2},"end":{"line":56,"column":null}},"type":"if","locations":[{"start":{"line":44,"column":2},"end":{"line":56,"column":null}},{"start":{},"end":{}}],"line":44},"5":{"loc":{"start":{"line":46,"column":13},"end":{"line":46,"column":null}},"type":"binary-expr","locations":[{"start":{"line":46,"column":13},"end":{"line":46,"column":46}},{"start":{"line":46,"column":46},"end":{"line":46,"column":null}}],"line":46},"6":{"loc":{"start":{"line":48,"column":4},"end":{"line":55,"column":null}},"type":"if","locations":[{"start":{"line":48,"column":4},"end":{"line":55,"column":null}},{"start":{},"end":{}}],"line":48},"7":{"loc":{"start":{"line":59,"column":2},"end":{"line":74,"column":null}},"type":"if","locations":[{"start":{"line":59,"column":2},"end":{"line":74,"column":null}},{"start":{},"end":{}}],"line":59},"8":{"loc":{"start":{"line":62,"column":6},"end":{"line":62,"column":null}},"type":"cond-expr","locations":[{"start":{"line":62,"column":53},"end":{"line":62,"column":57}},{"start":{"line":62,"column":57},"end":{"line":62,"column":null}}],"line":62},"9":{"loc":{"start":{"line":66,"column":4},"end":{"line":73,"column":null}},"type":"if","locations":[{"start":{"line":66,"column":4},"end":{"line":73,"column":null}},{"start":{},"end":{}}],"line":66},"10":{"loc":{"start":{"line":76,"column":2},"end":{"line":88,"column":null}},"type":"if","locations":[{"start":{"line":76,"column":2},"end":{"line":88,"column":null}},{"start":{},"end":{}}],"line":76},"11":{"loc":{"start":{"line":78,"column":21},"end":{"line":78,"column":59}},"type":"binary-expr","locations":[{"start":{"line":78,"column":21},"end":{"line":78,"column":34}},{"start":{"line":78,"column":34},"end":{"line":78,"column":59}}],"line":78},"12":{"loc":{"start":{"line":80,"column":4},"end":{"line":87,"column":null}},"type":"if","locations":[{"start":{"line":80,"column":4},"end":{"line":87,"column":null}},{"start":{},"end":{}}],"line":80},"13":{"loc":{"start":{"line":91,"column":2},"end":{"line":106,"column":null}},"type":"if","locations":[{"start":{"line":91,"column":2},"end":{"line":106,"column":null}},{"start":{},"end":{}}],"line":91},"14":{"loc":{"start":{"line":91,"column":6},"end":{"line":91,"column":63}},"type":"binary-expr","locations":[{"start":{"line":91,"column":6},"end":{"line":91,"column":34}},{"start":{"line":91,"column":34},"end":{"line":91,"column":63}}],"line":91},"15":{"loc":{"start":{"line":94,"column":8},"end":{"line":94,"column":null}},"type":"binary-expr","locations":[{"start":{"line":94,"column":8},"end":{"line":94,"column":35}},{"start":{"line":94,"column":35},"end":{"line":94,"column":48}},{"start":{"line":94,"column":48},"end":{"line":94,"column":null}}],"line":94},"16":{"loc":{"start":{"line":96,"column":4},"end":{"line":105,"column":null}},"type":"if","locations":[{"start":{"line":96,"column":4},"end":{"line":105,"column":null}},{"start":{},"end":{}}],"line":96},"17":{"loc":{"start":{"line":98,"column":26},"end":{"line":98,"column":null}},"type":"cond-expr","locations":[{"start":{"line":98,"column":53},"end":{"line":98,"column":64}},{"start":{"line":98,"column":64},"end":{"line":98,"column":null}}],"line":98}},"s":{"0":1,"1":19,"2":4,"3":7,"4":4,"5":4,"6":19,"7":4,"8":3,"9":16,"10":3,"11":18,"12":3,"13":2,"14":14,"15":3,"16":3,"17":9,"18":3,"19":2,"20":12,"21":2,"22":16,"23":7,"24":2,"25":1,"26":11,"27":3,"28":24,"29":3,"30":2,"31":3,"32":2,"33":2,"34":9},"f":{"0":19,"1":7,"2":19,"3":18,"4":9,"5":16,"6":7,"7":24,"8":3},"b":{"0":[4,15],"1":[19,5],"2":[4,0],"3":[3,1],"4":[3,13],"5":[18,3],"6":[2,1],"7":[3,11],"8":[1,2],"9":[2,1],"10":[2,10],"11":[16,9],"12":[1,1],"13":[3,8],"14":[11,9],"15":[24,7,6],"16":[2,1],"17":[1,1]},"meta":{"lastBranch":18,"lastFunction":9,"lastStatement":35,"seen":{"s:20:44:114:Infinity":0,"f:20:44:20:Infinity":0,"b:26:2:41:Infinity:undefined:undefined:undefined:undefined":0,"s:26:2:41:Infinity":1,"b:26:6:26:31:26:31:26:77":1,"s:27:23:27:Infinity":2,"f:27:50:27:51":1,"s:27:57:27:75":3,"b:28:4:40:Infinity:undefined:undefined:undefined:undefined":2,"s:28:4:40:Infinity":4,"s:29:26:31:Infinity":5,"f:30:8:30:9":2,"s:30:15:30:Infinity":6,"b:32:6:39:Infinity:undefined:undefined:undefined:undefined":3,"s:32:6:39:Infinity":7,"s:33:8:38:Infinity":8,"b:44:2:56:Infinity:undefined:undefined:undefined:undefined":4,"s:44:2:56:Infinity":9,"s:45:22:47:Infinity":10,"f:46:6:46:7":3,"s:46:13:46:Infinity":11,"b:46:13:46:46:46:46:46:Infinity":5,"b:48:4:55:Infinity:undefined:undefined:undefined:undefined":6,"s:48:4:55:Infinity":12,"s:49:6:54:Infinity":13,"b:59:2:74:Infinity:undefined:undefined:undefined:undefined":7,"s:59:2:74:Infinity":14,"s:62:6:62:Infinity":15,"b:62:53:62:57:62:57:62:Infinity":8,"s:63:22:65:Infinity":16,"f:64:6:64:7":4,"s:64:13:64:Infinity":17,"b:66:4:73:Infinity:undefined:undefined:undefined:undefined":9,"s:66:4:73:Infinity":18,"s:67:6:72:Infinity":19,"b:76:2:88:Infinity:undefined:undefined:undefined:undefined":10,"s:76:2:88:Infinity":20,"s:77:25:79:Infinity":21,"f:78:14:78:15":5,"s:78:21:78:59":22,"b:78:21:78:34:78:34:78:59":11,"f:79:11:79:12":6,"s:79:18:79:26":23,"b:80:4:87:Infinity:undefined:undefined:undefined:undefined":12,"s:80:4:87:Infinity":24,"s:81:6:86:Infinity":25,"b:91:2:106:Infinity:undefined:undefined:undefined:undefined":13,"s:91:2:106:Infinity":26,"b:91:6:91:34:91:34:91:63":14,"s:92:26:95:Infinity":27,"f:93:6:93:7":7,"s:94:8:94:Infinity":28,"b:94:8:94:35:94:35:94:48:94:48:94:Infinity":15,"b:96:4:105:Infinity:undefined:undefined:undefined:undefined":16,"s:96:4:105:Infinity":29,"s:97:29:97:Infinity":30,"f:97:47:97:48":8,"s:97:54:97:62":31,"s:98:26:98:Infinity":32,"b:98:53:98:64:98:64:98:Infinity":17,"s:99:6:104:Infinity":33,"s:108:2:113:Infinity":34}}}
,"/Users/jonathanmoulds/Development/workspaces/code/millers-hollow-narrator/src/logic/roleSlotCalculations.ts": {"path":"/Users/jonathanmoulds/Development/workspaces/code/millers-hollow-narrator/src/logic/roleSlotCalculations.ts","statementMap":{"0":{"start":{"line":7,"column":32},"end":{"line":11,"column":null}},"1":{"start":{"line":8,"column":2},"end":{"line":8,"column":null}},"2":{"start":{"line":8,"column":32},"end":{"line":8,"column":null}},"3":{"start":{"line":9,"column":2},"end":{"line":9,"column":null}},"4":{"start":{"line":9,"column":35},"end":{"line":9,"column":null}},"5":{"start":{"line":10,"column":2},"end":{"line":10,"column":null}},"6":{"start":{"line":17,"column":35},"end":{"line":19,"column":null}},"7":{"start":{"line":18,"column":2},"end":{"line":18,"column":null}},"8":{"start":{"line":18,"column":39},"end":{"line":18,"column":71}}},"fnMap":{"0":{"name":"(anonymous_0)","decl":{"start":{"line":7,"column":32},"end":{"line":7,"column":33}},"loc":{"start":{"line":7,"column":60},"end":{"line":11,"column":null}},"line":7},"1":{"name":"(anonymous_1)","decl":{"start":{"line":17,"column":35},"end":{"line":17,"column":36}},"loc":{"start":{"line":17,"column":64},"end":{"line":19,"column":null}},"line":17},"2":{"name":"(anonymous_2)","decl":{"start":{"line":18,"column":22},"end":{"line":18,"column":23}},"loc":{"start":{"line":18,"column":39},"end":{"line":18,"column":71}},"line":18}},"branchMap":{"0":{"loc":{"start":{"line":8,"column":2},"end":{"line":8,"column":null}},"type":"if","locations":[{"start":{"line":8,"column":2},"end":{"line":8,"column":null}},{"start":{},"end":{}}],"line":8},"1":{"loc":{"start":{"line":9,"column":2},"end":{"line":9,"column":null}},"type":"if","locations":[{"start":{"line":9,"column":2},"end":{"line":9,"column":null}},{"start":{},"end":{}}],"line":9}},"s":{"0":1,"1":78,"2":5,"3":73,"4":4,"5":69,"6":1,"7":9,"8":54},"f":{"0":78,"1":9,"2":54},"b":{"0":[5,73],"1":[4,69]},"meta":{"lastBranch":2,"lastFunction":3,"lastStatement":9,"seen":{"s:7:32:11:Infinity":0,"f:7:32:7:33":0,"b:8:2:8:Infinity:undefined:undefined:undefined:undefined":0,"s:8:2:8:Infinity":1,"s:8:32:8:Infinity":2,"b:9:2:9:Infinity:undefined:undefined:undefined:undefined":1,"s:9:2:9:Infinity":3,"s:9:35:9:Infinity":4,"s:10:2:10:Infinity":5,"s:17:35:19:Infinity":6,"f:17:35:17:36":1,"s:18:2:18:Infinity":7,"f:18:22:18:23":2,"s:18:39:18:71":8}}}
,"/Users/jonathanmoulds/Development/workspaces/code/millers-hollow-narrator/src/logic/winConditions.ts": {"path":"/Users/jonathanmoulds/Development/workspaces/code/millers-hollow-narrator/src/logic/winConditions.ts","statementMap":{"0":{"start":{"line":14,"column":33},"end":{"line":198,"column":null}},"1":{"start":{"line":16,"column":24},"end":{"line":16,"column":null}},"2":{"start":{"line":17,"column":23},"end":{"line":17,"column":null}},"3":{"start":{"line":19,"column":2},"end":{"line":32,"column":null}},"4":{"start":{"line":20,"column":21},"end":{"line":20,"column":null}},"5":{"start":{"line":21,"column":4},"end":{"line":21,"column":null}},"6":{"start":{"line":21,"column":19},"end":{"line":21,"column":null}},"7":{"start":{"line":23,"column":21},"end":{"line":23,"column":null}},"8":{"start":{"line":24,"column":4},"end":{"line":24,"column":null}},"9":{"start":{"line":24,"column":34},"end":{"line":24,"column":null}},"10":{"start":{"line":25,"column":4},"end":{"line":25,"column":null}},"11":{"start":{"line":25,"column":37},"end":{"line":25,"column":null}},"12":{"start":{"line":27,"column":4},"end":{"line":31,"column":null}},"13":{"start":{"line":28,"column":6},"end":{"line":28,"column":null}},"14":{"start":{"line":29,"column":4},"end":{"line":31,"column":null}},"15":{"start":{"line":30,"column":6},"end":{"line":30,"column":null}},"16":{"start":{"line":35,"column":26},"end":{"line":37,"column":null}},"17":{"start":{"line":36,"column":11},"end":{"line":36,"column":null}},"18":{"start":{"line":38,"column":2},"end":{"line":46,"column":null}},"19":{"start":{"line":40,"column":4},"end":{"line":44,"column":null}},"20":{"start":{"line":42,"column":6},"end":{"line":42,"column":null}},"21":{"start":{"line":43,"column":6},"end":{"line":43,"column":null}},"22":{"start":{"line":49,"column":2},"end":{"line":53,"column":null}},"23":{"start":{"line":50,"column":4},"end":{"line":50,"column":null}},"24":{"start":{"line":52,"column":4},"end":{"line":52,"column":null}},"25":{"start":{"line":56,"column":23},"end":{"line":56,"column":null}},"26":{"start":{"line":57,"column":22},"end":{"line":57,"column":null}},"27":{"start":{"line":59,"column":2},"end":{"line":87,"column":null}},"28":{"start":{"line":60,"column":4},"end":{"line":86,"column":null}},"29":{"start":{"line":62,"column":6},"end":{"line":66,"column":null}},"30":{"start":{"line":64,"column":8},"end":{"line":64,"column":null}},"31":{"start":{"line":65,"column":8},"end":{"line":65,"column":null}},"32":{"start":{"line":68,"column":23},"end":{"line":68,"column":null}},"33":{"start":{"line":69,"column":6},"end":{"line":69,"column":null}},"34":{"start":{"line":69,"column":21},"end":{"line":69,"column":null}},"35":{"start":{"line":72,"column":6},"end":{"line":79,"column":null}},"36":{"start":{"line":73,"column":8},"end":{"line":77,"column":null}},"37":{"start":{"line":74,"column":10},"end":{"line":74,"column":null}},"38":{"start":{"line":76,"column":10},"end":{"line":76,"column":null}},"39":{"start":{"line":78,"column":8},"end":{"line":78,"column":null}},"40":{"start":{"line":81,"column":6},"end":{"line":85,"column":null}},"41":{"start":{"line":82,"column":8},"end":{"line":82,"column":null}},"42":{"start":{"line":83,"column":6},"end":{"line":85,"column":null}},"43":{"start":{"line":84,"column":8},"end":{"line":84,"column":null}},"44":{"start":{"line":93,"column":2},"end":{"line":111,"column":null}},"45":{"start":{"line":94,"column":24},"end":{"line":96,"column":null}},"46":{"start":{"line":95,"column":13},"end":{"line":95,"column":null}},"47":{"start":{"line":99,"column":4},"end":{"line":110,"column":null}},"48":{"start":{"line":104,"column":6},"end":{"line":109,"column":null}},"49":{"start":{"line":114,"column":2},"end":{"line":142,"column":null}},"50":{"start":{"line":115,"column":30},"end":{"line":117,"column":null}},"51":{"start":{"line":116,"column":13},"end":{"line":116,"column":null}},"52":{"start":{"line":120,"column":4},"end":{"line":141,"column":null}},"53":{"start":{"line":124,"column":26},"end":{"line":124,"column":null}},"54":{"start":{"line":127,"column":33},"end":{"line":129,"column":null}},"55":{"start":{"line":128,"column":15},"end":{"line":128,"column":null}},"56":{"start":{"line":131,"column":8},"end":{"line":132,"column":null}},"57":{"start":{"line":132,"column":40},"end":{"line":132,"column":50}},"58":{"start":{"line":134,"column":6},"end":{"line":140,"column":null}},"59":{"start":{"line":135,"column":8},"end":{"line":139,"column":null}},"60":{"start":{"line":145,"column":2},"end":{"line":177,"column":null}},"61":{"start":{"line":148,"column":33},"end":{"line":148,"column":null}},"62":{"start":{"line":149,"column":33},"end":{"line":149,"column":null}},"63":{"start":{"line":150,"column":27},"end":{"line":150,"column":null}},"64":{"start":{"line":154,"column":28},"end":{"line":156,"column":null}},"65":{"start":{"line":155,"column":13},"end":{"line":155,"column":null}},"66":{"start":{"line":160,"column":29},"end":{"line":162,"column":null}},"67":{"start":{"line":165,"column":4},"end":{"line":176,"column":null}},"68":{"start":{"line":170,"column":6},"end":{"line":175,"column":null}},"69":{"start":{"line":180,"column":2},"end":{"line":186,"column":null}},"70":{"start":{"line":181,"column":4},"end":{"line":185,"column":null}},"71":{"start":{"line":189,"column":2},"end":{"line":195,"column":null}},"72":{"start":{"line":190,"column":4},"end":{"line":194,"column":null}},"73":{"start":{"line":197,"column":2},"end":{"line":197,"column":null}}},"fnMap":{"0":{"name":"(anonymous_0)","decl":{"start":{"line":14,"column":33},"end":{"line":14,"column":34}},"loc":{"start":{"line":14,"column":79},"end":{"line":198,"column":null}},"line":14},"1":{"name":"(anonymous_1)","decl":{"start":{"line":19,"column":40},"end":{"line":19,"column":41}},"loc":{"start":{"line":19,"column":52},"end":{"line":32,"column":3}},"line":19},"2":{"name":"(anonymous_2)","decl":{"start":{"line":36,"column":4},"end":{"line":36,"column":5}},"loc":{"start":{"line":36,"column":11},"end":{"line":36,"column":null}},"line":36},"3":{"name":"(anonymous_3)","decl":{"start":{"line":59,"column":28},"end":{"line":59,"column":29}},"loc":{"start":{"line":59,"column":40},"end":{"line":87,"column":3}},"line":59},"4":{"name":"(anonymous_4)","decl":{"start":{"line":95,"column":6},"end":{"line":95,"column":7}},"loc":{"start":{"line":95,"column":13},"end":{"line":95,"column":null}},"line":95},"5":{"name":"(anonymous_5)","decl":{"start":{"line":116,"column":6},"end":{"line":116,"column":7}},"loc":{"start":{"line":116,"column":13},"end":{"line":116,"column":null}},"line":116},"6":{"name":"(anonymous_6)","decl":{"start":{"line":128,"column":8},"end":{"line":128,"column":9}},"loc":{"start":{"line":128,"column":15},"end":{"line":128,"column":null}},"line":128},"7":{"name":"(anonymous_7)","decl":{"start":{"line":132,"column":33},"end":{"line":132,"column":34}},"loc":{"start":{"line":132,"column":40},"end":{"line":132,"column":50}},"line":132},"8":{"name":"(anonymous_8)","decl":{"start":{"line":155,"column":6},"end":{"line":155,"column":7}},"loc":{"start":{"line":155,"column":13},"end":{"line":155,"column":null}},"line":155}},"branchMap":{"0":{"loc":{"start":{"line":21,"column":4},"end":{"line":21,"column":null}},"type":"if","locations":[{"start":{"line":21,"column":4},"end":{"line":21,"column":null}},{"start":{},"end":{}}],"line":21},"1":{"loc":{"start":{"line":24,"column":4},"end":{"line":24,"column":null}},"type":"if","locations":[{"start":{"line":24,"column":4},"end":{"line":24,"column":null}},{"start":{},"end":{}}],"line":24},"2":{"loc":{"start":{"line":25,"column":4},"end":{"line":25,"column":null}},"type":"if","locations":[{"start":{"line":25,"column":4},"end":{"line":25,"column":null}},{"start":{},"end":{}}],"line":25},"3":{"loc":{"start":{"line":27,"column":4},"end":{"line":31,"column":null}},"type":"if","locations":[{"start":{"line":27,"column":4},"end":{"line":31,"column":null}},{"start":{"line":29,"column":4},"end":{"line":31,"column":null}}],"line":27},"4":{"loc":{"start":{"line":29,"column":4},"end":{"line":31,"column":null}},"type":"if","locations":[{"start":{"line":29,"column":4},"end":{"line":31,"column":null}},{"start":{},"end":{}}],"line":29},"5":{"loc":{"start":{"line":38,"column":2},"end":{"line":46,"column":null}},"type":"if","locations":[{"start":{"line":38,"column":2},"end":{"line":46,"column":null}},{"start":{},"end":{}}],"line":38},"6":{"loc":{"start":{"line":40,"column":4},"end":{"line":44,"column":null}},"type":"if","locations":[{"start":{"line":40,"column":4},"end":{"line":44,"column":null}},{"start":{},"end":{}}],"line":40},"7":{"loc":{"start":{"line":49,"column":2},"end":{"line":53,"column":null}},"type":"if","locations":[{"start":{"line":49,"column":2},"end":{"line":53,"column":null}},{"start":{},"end":{}}],"line":49},"8":{"loc":{"start":{"line":60,"column":4},"end":{"line":86,"column":null}},"type":"if","locations":[{"start":{"line":60,"column":4},"end":{"line":86,"column":null}},{"start":{},"end":{}}],"line":60},"9":{"loc":{"start":{"line":60,"column":8},"end":{"line":60,"column":46}},"type":"binary-expr","locations":[{"start":{"line":60,"column":8},"end":{"line":60,"column":27}},{"start":{"line":60,"column":27},"end":{"line":60,"column":46}}],"line":60},"10":{"loc":{"start":{"line":62,"column":6},"end":{"line":66,"column":null}},"type":"if","locations":[{"start":{"line":62,"column":6},"end":{"line":66,"column":null}},{"start":{},"end":{}}],"line":62},"11":{"loc":{"start":{"line":69,"column":6},"end":{"line":69,"column":null}},"type":"if","locations":[{"start":{"line":69,"column":6},"end":{"line":69,"column":null}},{"start":{},"end":{}}],"line":69},"12":{"loc":{"start":{"line":72,"column":6},"end":{"line":79,"column":null}},"type":"if","locations":[{"start":{"line":72,"column":6},"end":{"line":79,"column":null}},{"start":{},"end":{}}],"line":72},"13":{"loc":{"start":{"line":72,"column":10},"end":{"line":72,"column":70}},"type":"binary-expr","locations":[{"start":{"line":72,"column":10},"end":{"line":72,"column":48}},{"start":{"line":72,"column":48},"end":{"line":72,"column":70}}],"line":72},"14":{"loc":{"start":{"line":73,"column":8},"end":{"line":77,"column":null}},"type":"if","locations":[{"start":{"line":73,"column":8},"end":{"line":77,"column":null}},{"start":{"line":75,"column":15},"end":{"line":77,"column":null}}],"line":73},"15":{"loc":{"start":{"line":81,"column":6},"end":{"line":85,"column":null}},"type":"if","locations":[{"start":{"line":81,"column":6},"end":{"line":85,"column":null}},{"start":{"line":83,"column":6},"end":{"line":85,"column":null}}],"line":81},"16":{"loc":{"start":{"line":83,"column":6},"end":{"line":85,"column":null}},"type":"if","locations":[{"start":{"line":83,"column":6},"end":{"line":85,"column":null}},{"start":{},"end":{}}],"line":83},"17":{"loc":{"start":{"line":93,"column":2},"end":{"line":111,"column":null}},"type":"if","locations":[{"start":{"line":93,"column":2},"end":{"line":111,"column":null}},{"start":{},"end":{}}],"line":93},"18":{"loc":{"start":{"line":99,"column":4},"end":{"line":110,"column":null}},"type":"if","locations":[{"start":{"line":99,"column":4},"end":{"line":110,"column":null}},{"start":{},"end":{}}],"line":99},"19":{"loc":{"start":{"line":100,"column":6},"end":{"line":102,"column":null}},"type":"binary-expr","locations":[{"start":{"line":100,"column":6},"end":{"line":100,"column":null}},{"start":{"line":101,"column":6},"end":{"line":101,"column":null}},{"start":{"line":102,"column":6},"end":{"line":102,"column":null}}],"line":100},"20":{"loc":{"start":{"line":114,"column":2},"end":{"line":142,"column":null}},"type":"if","locations":[{"start":{"line":114,"column":2},"end":{"line":142,"column":null}},{"start":{},"end":{}}],"line":114},"21":{"loc":{"start":{"line":120,"column":4},"end":{"line":141,"column":null}},"type":"if","locations":[{"start":{"line":120,"column":4},"end":{"line":141,"column":null}},{"start":{},"end":{}}],"line":120},"22":{"loc":{"start":{"line":121,"column":6},"end":{"line":122,"column":null}},"type":"binary-expr","locations":[{"start":{"line":121,"column":6},"end":{"line":121,"column":null}},{"start":{"line":122,"column":6},"end":{"line":122,"column":null}}],"line":121},"23":{"loc":{"start":{"line":131,"column":8},"end":{"line":132,"column":null}},"type":"binary-expr","locations":[{"start":{"line":131,"column":8},"end":{"line":131,"column":null}},{"start":{"line":132,"column":8},"end":{"line":132,"column":null}}],"line":131},"24":{"loc":{"start":{"line":134,"column":6},"end":{"line":140,"column":null}},"type":"if","locations":[{"start":{"line":134,"column":6},"end":{"line":140,"column":null}},{"start":{},"end":{}}],"line":134},"25":{"loc":{"start":{"line":145,"column":2},"end":{"line":177,"column":null}},"type":"if","locations":[{"start":{"line":145,"column":2},"end":{"line":177,"column":null}},{"start":{},"end":{}}],"line":145},"26":{"loc":{"start":{"line":160,"column":29},"end":{"line":162,"column":null}},"type":"cond-expr","locations":[{"start":{"line":161,"column":8},"end":{"line":161,"column":null}},{"start":{"line":162,"column":8},"end":{"line":162,"column":null}}],"line":160},"27":{"loc":{"start":{"line":165,"column":4},"end":{"line":176,"column":null}},"type":"if","locations":[{"start":{"line":165,"column":4},"end":{"line":176,"column":null}},{"start":{},"end":{}}],"line":165},"28":{"loc":{"start":{"line":166,"column":6},"end":{"line":168,"column":null}},"type":"binary-expr","locations":[{"start":{"line":166,"column":6},"end":{"line":166,"column":null}},{"start":{"line":167,"column":6},"end":{"line":167,"column":null}},{"start":{"line":168,"column":6},"end":{"line":168,"column":null}}],"line":166},"29":{"loc":{"start":{"line":180,"column":2},"end":{"line":186,"column":null}},"type":"if","locations":[{"start":{"line":180,"column":2},"end":{"line":186,"column":null}},{"start":{},"end":{}}],"line":180},"30":{"loc":{"start":{"line":180,"column":6},"end":{"line":180,"column":63}},"type":"binary-expr","locations":[{"start":{"line":180,"column":6},"end":{"line":180,"column":28}},{"start":{"line":180,"column":28},"end":{"line":180,"column":63}}],"line":180},"31":{"loc":{"start":{"line":189,"column":2},"end":{"line":195,"column":null}},"type":"if","locations":[{"start":{"line":189,"column":2},"end":{"line":195,"column":null}},{"start":{},"end":{}}],"line":189},"32":{"loc":{"start":{"line":189,"column":6},"end":{"line":189,"column":60}},"type":"binary-expr","locations":[{"start":{"line":189,"column":6},"end":{"line":189,"column":27}},{"start":{"line":189,"column":27},"end":{"line":189,"column":60}}],"line":189}},"s":{"0":1,"1":16,"2":16,"3":16,"4":128,"5":128,"6":0,"7":128,"8":128,"9":1,"10":128,"11":1,"12":128,"13":48,"14":80,"15":75,"16":16,"17":115,"18":16,"19":2,"20":1,"21":1,"22":16,"23":1,"24":1,"25":16,"26":16,"27":16,"28":129,"29":33,"30":0,"31":0,"32":33,"33":33,"34":0,"35":33,"36":0,"37":0,"38":0,"39":0,"40":33,"41":14,"42":19,"43":15,"44":16,"45":3,"46":3,"47":3,"48":2,"49":14,"50":2,"51":2,"52":2,"53":1,"54":1,"55":8,"56":1,"57":4,"58":1,"59":1,"60":13,"61":3,"62":3,"63":3,"64":3,"65":24,"66":3,"67":3,"68":1,"69":12,"70":3,"71":9,"72":2,"73":7},"f":{"0":16,"1":128,"2":115,"3":129,"4":3,"5":2,"6":8,"7":4,"8":24},"b":{"0":[0,128],"1":[1,127],"2":[1,127],"3":[48,80],"4":[75,5],"5":[2,14],"6":[1,1],"7":[1,15],"8":[33,96],"9":[129,39],"10":[0,33],"11":[0,33],"12":[0,33],"13":[33,0],"14":[0,0],"15":[14,19],"16":[15,4],"17":[3,13],"18":[2,1],"19":[3,3,3],"20":[2,12],"21":[1,1],"22":[2,1],"23":[1,1],"24":[1,0],"25":[3,10],"26":[3,0],"27":[1,2],"28":[3,2,1],"29":[3,9],"30":[12,5],"31":[2,7],"32":[9,4]},"meta":{"lastBranch":33,"lastFunction":9,"lastStatement":74,"seen":{"s:14:33:198:Infinity":0,"f:14:33:14:34":0,"s:16:24:16:Infinity":1,"s:17:23:17:Infinity":2,"s:19:2:32:Infinity":3,"f:19:40:19:41":1,"s:20:21:20:Infinity":4,"b:21:4:21:Infinity:undefined:undefined:undefined:undefined":0,"s:21:4:21:Infinity":5,"s:21:19:21:Infinity":6,"s:23:21:23:Infinity":7,"b:24:4:24:Infinity:undefined:undefined:undefined:undefined":1,"s:24:4:24:Infinity":8,"s:24:34:24:Infinity":9,"b:25:4:25:Infinity:undefined:undefined:undefined:undefined":2,"s:25:4:25:Infinity":10,"s:25:37:25:Infinity":11,"b:27:4:31:Infinity:29:4:31:Infinity":3,"s:27:4:31:Infinity":12,"s:28:6:28:Infinity":13,"b:29:4:31:Infinity:undefined:undefined:undefined:undefined":4,"s:29:4:31:Infinity":14,"s:30:6:30:Infinity":15,"s:35:26:37:Infinity":16,"f:36:4:36:5":2,"s:36:11:36:Infinity":17,"b:38:2:46:Infinity:undefined:undefined:undefined:undefined":5,"s:38:2:46:Infinity":18,"b:40:4:44:Infinity:undefined:undefined:undefined:undefined":6,"s:40:4:44:Infinity":19,"s:42:6:42:Infinity":20,"s:43:6:43:Infinity":21,"b:49:2:53:Infinity:undefined:undefined:undefined:undefined":7,"s:49:2:53:Infinity":22,"s:50:4:50:Infinity":23,"s:52:4:52:Infinity":24,"s:56:23:56:Infinity":25,"s:57:22:57:Infinity":26,"s:59:2:87:Infinity":27,"f:59:28:59:29":3,"b:60:4:86:Infinity:undefined:undefined:undefined:undefined":8,"s:60:4:86:Infinity":28,"b:60:8:60:27:60:27:60:46":9,"b:62:6:66:Infinity:undefined:undefined:undefined:undefined":10,"s:62:6:66:Infinity":29,"s:64:8:64:Infinity":30,"s:65:8:65:Infinity":31,"s:68:23:68:Infinity":32,"b:69:6:69:Infinity:undefined:undefined:undefined:undefined":11,"s:69:6:69:Infinity":33,"s:69:21:69:Infinity":34,"b:72:6:79:Infinity:undefined:undefined:undefined:undefined":12,"s:72:6:79:Infinity":35,"b:72:10:72:48:72:48:72:70":13,"b:73:8:77:Infinity:75:15:77:Infinity":14,"s:73:8:77:Infinity":36,"s:74:10:74:Infinity":37,"s:76:10:76:Infinity":38,"s:78:8:78:Infinity":39,"b:81:6:85:Infinity:83:6:85:Infinity":15,"s:81:6:85:Infinity":40,"s:82:8:82:Infinity":41,"b:83:6:85:Infinity:undefined:undefined:undefined:undefined":16,"s:83:6:85:Infinity":42,"s:84:8:84:Infinity":43,"b:93:2:111:Infinity:undefined:undefined:undefined:undefined":17,"s:93:2:111:Infinity":44,"s:94:24:96:Infinity":45,"f:95:6:95:7":4,"s:95:13:95:Infinity":46,"b:99:4:110:Infinity:undefined:undefined:undefined:undefined":18,"s:99:4:110:Infinity":47,"b:100:6:100:Infinity:101:6:101:Infinity:102:6:102:Infinity":19,"s:104:6:109:Infinity":48,"b:114:2:142:Infinity:undefined:undefined:undefined:undefined":20,"s:114:2:142:Infinity":49,"s:115:30:117:Infinity":50,"f:116:6:116:7":5,"s:116:13:116:Infinity":51,"b:120:4:141:Infinity:undefined:undefined:undefined:undefined":21,"s:120:4:141:Infinity":52,"b:121:6:121:Infinity:122:6:122:Infinity":22,"s:124:26:124:Infinity":53,"s:127:33:129:Infinity":54,"f:128:8:128:9":6,"s:128:15:128:Infinity":55,"s:131:8:132:Infinity":56,"b:131:8:131:Infinity:132:8:132:Infinity":23,"f:132:33:132:34":7,"s:132:40:132:50":57,"b:134:6:140:Infinity:undefined:undefined:undefined:undefined":24,"s:134:6:140:Infinity":58,"s:135:8:139:Infinity":59,"b:145:2:177:Infinity:undefined:undefined:undefined:undefined":25,"s:145:2:177:Infinity":60,"s:148:33:148:Infinity":61,"s:149:33:149:Infinity":62,"s:150:27:150:Infinity":63,"s:154:28:156:Infinity":64,"f:155:6:155:7":8,"s:155:13:155:Infinity":65,"s:160:29:162:Infinity":66,"b:161:8:161:Infinity:162:8:162:Infinity":26,"b:165:4:176:Infinity:undefined:undefined:undefined:undefined":27,"s:165:4:176:Infinity":67,"b:166:6:166:Infinity:167:6:167:Infinity:168:6:168:Infinity":28,"s:170:6:175:Infinity":68,"b:180:2:186:Infinity:undefined:undefined:undefined:undefined":29,"s:180:2:186:Infinity":69,"b:180:6:180:28:180:28:180:63":30,"s:181:4:185:Infinity":70,"b:189:2:195:Infinity:undefined:undefined:undefined:undefined":31,"s:189:2:195:Infinity":71,"b:189:6:189:27:189:27:189:60":32,"s:190:4:194:Infinity":72,"s:197:2:197:Infinity":73}}}
}
